[2016-11-17 12:04:58] local.ERROR: RuntimeException: The only supported ciphers are AES-128-CBC and AES-256-CBC with the correct key lengths. in /Users/donatas/projects/expense-quickadmin/vendor/laravel/framework/src/Illuminate/Encryption/Encrypter.php:43
Stack trace:
#0 /Users/donatas/projects/expense-quickadmin/vendor/laravel/framework/src/Illuminate/Encryption/EncryptionServiceProvider.php(27): Illuminate\Encryption\Encrypter->__construct('', 'AES-256-CBC')
#1 /Users/donatas/projects/expense-quickadmin/vendor/laravel/framework/src/Illuminate/Container/Container.php(746): Illuminate\Encryption\EncryptionServiceProvider->Illuminate\Encryption\{closure}(Object(Illuminate\Foundation\Application), Array)
#2 /Users/donatas/projects/expense-quickadmin/vendor/laravel/framework/src/Illuminate/Container/Container.php(644): Illuminate\Container\Container->build(Object(Closure), Array)
#3 /Users/donatas/projects/expense-quickadmin/vendor/laravel/framework/src/Illuminate/Foundation/Application.php(709): Illuminate\Container\Container->make('encrypter', Array)
#4 /Users/donatas/projects/expense-quickadmin/vendor/laravel/framework/src/Illuminate/Container/Container.php(864): Illuminate\Foundation\Application->make('encrypter')
#5 /Users/donatas/projects/expense-quickadmin/vendor/laravel/framework/src/Illuminate/Container/Container.php(819): Illuminate\Container\Container->resolveClass(Object(ReflectionParameter))
#6 /Users/donatas/projects/expense-quickadmin/vendor/laravel/framework/src/Illuminate/Container/Container.php(788): Illuminate\Container\Container->getDependencies(Array, Array)
#7 /Users/donatas/projects/expense-quickadmin/vendor/laravel/framework/src/Illuminate/Container/Container.php(644): Illuminate\Container\Container->build('App\\Http\\Middle...', Array)
#8 /Users/donatas/projects/expense-quickadmin/vendor/laravel/framework/src/Illuminate/Foundation/Application.php(709): Illuminate\Container\Container->make('App\\Http\\Middle...', Array)
#9 /Users/donatas/projects/expense-quickadmin/vendor/laravel/framework/src/Illuminate/Pipeline/Pipeline.php(127): Illuminate\Foundation\Application->make('App\\Http\\Middle...')
#10 /Users/donatas/projects/expense-quickadmin/vendor/laravel/framework/src/Illuminate/Routing/Pipeline.php(33): Illuminate\Pipeline\Pipeline->Illuminate\Pipeline\{closure}(Object(Illuminate\Http\Request))
#11 /Users/donatas/projects/expense-quickadmin/vendor/laravel/framework/src/Illuminate/Pipeline/Pipeline.php(104): Illuminate\Routing\Pipeline->Illuminate\Routing\{closure}(Object(Illuminate\Http\Request))
#12 /Users/donatas/projects/expense-quickadmin/vendor/laravel/framework/src/Illuminate/Routing/Router.php(644): Illuminate\Pipeline\Pipeline->then(Object(Closure))
#13 /Users/donatas/projects/expense-quickadmin/vendor/laravel/framework/src/Illuminate/Routing/Router.php(618): Illuminate\Routing\Router->runRouteWithinStack(Object(Illuminate\Routing\Route), Object(Illuminate\Http\Request))
#14 /Users/donatas/projects/expense-quickadmin/vendor/laravel/framework/src/Illuminate/Routing/Router.php(596): Illuminate\Routing\Router->dispatchToRoute(Object(Illuminate\Http\Request))
#15 /Users/donatas/projects/expense-quickadmin/vendor/laravel/framework/src/Illuminate/Foundation/Http/Kernel.php(267): Illuminate\Routing\Router->dispatch(Object(Illuminate\Http\Request))
#16 /Users/donatas/projects/expense-quickadmin/vendor/laravel/framework/src/Illuminate/Routing/Pipeline.php(53): Illuminate\Foundation\Http\Kernel->Illuminate\Foundation\Http\{closure}(Object(Illuminate\Http\Request))
#17 /Users/donatas/projects/expense-quickadmin/vendor/laravel/framework/src/Illuminate/Foundation/Http/Middleware/CheckForMaintenanceMode.php(46): Illuminate\Routing\Pipeline->Illuminate\Routing\{closure}(Object(Illuminate\Http\Request))
#18 /Users/donatas/projects/expense-quickadmin/vendor/laravel/framework/src/Illuminate/Pipeline/Pipeline.php(137): Illuminate\Foundation\Http\Middleware\CheckForMaintenanceMode->handle(Object(Illuminate\Http\Request), Object(Closure))
#19 /Users/donatas/projects/expense-quickadmin/vendor/laravel/framework/src/Illuminate/Routing/Pipeline.php(33): Illuminate\Pipeline\Pipeline->Illuminate\Pipeline\{closure}(Object(Illuminate\Http\Request))
#20 /Users/donatas/projects/expense-quickadmin/vendor/laravel/framework/src/Illuminate/Pipeline/Pipeline.php(104): Illuminate\Routing\Pipeline->Illuminate\Routing\{closure}(Object(Illuminate\Http\Request))
#21 /Users/donatas/projects/expense-quickadmin/vendor/laravel/framework/src/Illuminate/Foundation/Http/Kernel.php(149): Illuminate\Pipeline\Pipeline->then(Object(Closure))
#22 /Users/donatas/projects/expense-quickadmin/vendor/laravel/framework/src/Illuminate/Foundation/Http/Kernel.php(116): Illuminate\Foundation\Http\Kernel->sendRequestThroughRouter(Object(Illuminate\Http\Request))
#23 /Users/donatas/projects/expense-quickadmin/public/index.php(53): Illuminate\Foundation\Http\Kernel->handle(Object(Illuminate\Http\Request))
#24 /Users/donatas/.composer/vendor/laravel/valet/server.php(106): require('/Users/donatas/...')
#25 {main}  
[2016-11-17 12:04:58] local.ERROR: RuntimeException: The only supported ciphers are AES-128-CBC and AES-256-CBC with the correct key lengths. in /Users/donatas/projects/expense-quickadmin/vendor/laravel/framework/src/Illuminate/Encryption/Encrypter.php:43
Stack trace:
#0 /Users/donatas/projects/expense-quickadmin/vendor/laravel/framework/src/Illuminate/Encryption/EncryptionServiceProvider.php(27): Illuminate\Encryption\Encrypter->__construct('', 'AES-256-CBC')
#1 /Users/donatas/projects/expense-quickadmin/vendor/laravel/framework/src/Illuminate/Container/Container.php(746): Illuminate\Encryption\EncryptionServiceProvider->Illuminate\Encryption\{closure}(Object(Illuminate\Foundation\Application), Array)
#2 /Users/donatas/projects/expense-quickadmin/vendor/laravel/framework/src/Illuminate/Container/Container.php(644): Illuminate\Container\Container->build(Object(Closure), Array)
#3 /Users/donatas/projects/expense-quickadmin/vendor/laravel/framework/src/Illuminate/Foundation/Application.php(709): Illuminate\Container\Container->make('encrypter', Array)
#4 /Users/donatas/projects/expense-quickadmin/vendor/laravel/framework/src/Illuminate/Container/Container.php(864): Illuminate\Foundation\Application->make('encrypter')
#5 /Users/donatas/projects/expense-quickadmin/vendor/laravel/framework/src/Illuminate/Container/Container.php(819): Illuminate\Container\Container->resolveClass(Object(ReflectionParameter))
#6 /Users/donatas/projects/expense-quickadmin/vendor/laravel/framework/src/Illuminate/Container/Container.php(788): Illuminate\Container\Container->getDependencies(Array, Array)
#7 /Users/donatas/projects/expense-quickadmin/vendor/laravel/framework/src/Illuminate/Container/Container.php(644): Illuminate\Container\Container->build('App\\Http\\Middle...', Array)
#8 /Users/donatas/projects/expense-quickadmin/vendor/laravel/framework/src/Illuminate/Foundation/Application.php(709): Illuminate\Container\Container->make('App\\Http\\Middle...', Array)
#9 /Users/donatas/projects/expense-quickadmin/vendor/laravel/framework/src/Illuminate/Foundation/Http/Kernel.php(173): Illuminate\Foundation\Application->make('App\\Http\\Middle...')
#10 /Users/donatas/projects/expense-quickadmin/public/index.php(58): Illuminate\Foundation\Http\Kernel->terminate(Object(Illuminate\Http\Request), Object(Illuminate\Http\Response))
#11 /Users/donatas/.composer/vendor/laravel/valet/server.php(106): require('/Users/donatas/...')
#12 {main}  
[2016-11-17 12:05:11] local.ERROR: ErrorException: file_put_contents(/Users/donatas/projects/expense-quickadmin/storage/framework/sessions/j17EQT4bSjDnCPxDs6nReGyoDN74BrPXVPBS4zKf): failed to open stream: No such file or directory in /Users/donatas/projects/expense-quickadmin/vendor/laravel/framework/src/Illuminate/Filesystem/Filesystem.php:111
Stack trace:
#0 [internal function]: Illuminate\Foundation\Bootstrap\HandleExceptions->handleError(2, 'file_put_conten...', '/Users/donatas/...', 111, Array)
#1 /Users/donatas/projects/expense-quickadmin/vendor/laravel/framework/src/Illuminate/Filesystem/Filesystem.php(111): file_put_contents('/Users/donatas/...', 'a:4:{s:6:"_toke...', 2)
#2 /Users/donatas/projects/expense-quickadmin/vendor/laravel/framework/src/Illuminate/Session/FileSessionHandler.php(83): Illuminate\Filesystem\Filesystem->put('/Users/donatas/...', 'a:4:{s:6:"_toke...', true)
#3 /Users/donatas/projects/expense-quickadmin/vendor/laravel/framework/src/Illuminate/Session/Store.php(262): Illuminate\Session\FileSessionHandler->write('j17EQT4bSjDnCPx...', 'a:4:{s:6:"_toke...')
#4 /Users/donatas/projects/expense-quickadmin/vendor/laravel/framework/src/Illuminate/Session/Middleware/StartSession.php(88): Illuminate\Session\Store->save()
#5 /Users/donatas/projects/expense-quickadmin/vendor/laravel/framework/src/Illuminate/Foundation/Http/Kernel.php(176): Illuminate\Session\Middleware\StartSession->terminate(Object(Illuminate\Http\Request), Object(Illuminate\Http\RedirectResponse))
#6 /Users/donatas/projects/expense-quickadmin/public/index.php(58): Illuminate\Foundation\Http\Kernel->terminate(Object(Illuminate\Http\Request), Object(Illuminate\Http\RedirectResponse))
#7 /Users/donatas/.composer/vendor/laravel/valet/server.php(106): require('/Users/donatas/...')
#8 {main}  
[2016-11-17 12:05:11] local.ERROR: ErrorException: file_put_contents(/Users/donatas/projects/expense-quickadmin/storage/framework/sessions/j17EQT4bSjDnCPxDs6nReGyoDN74BrPXVPBS4zKf): failed to open stream: No such file or directory in /Users/donatas/projects/expense-quickadmin/vendor/laravel/framework/src/Illuminate/Filesystem/Filesystem.php:111
Stack trace:
#0 [internal function]: Illuminate\Foundation\Bootstrap\HandleExceptions->handleError(2, 'file_put_conten...', '/Users/donatas/...', 111, Array)
#1 /Users/donatas/projects/expense-quickadmin/vendor/laravel/framework/src/Illuminate/Filesystem/Filesystem.php(111): file_put_contents('/Users/donatas/...', 'a:5:{s:6:"_toke...', 2)
#2 /Users/donatas/projects/expense-quickadmin/vendor/laravel/framework/src/Illuminate/Session/FileSessionHandler.php(83): Illuminate\Filesystem\Filesystem->put('/Users/donatas/...', 'a:5:{s:6:"_toke...', true)
#3 /Users/donatas/projects/expense-quickadmin/vendor/laravel/framework/src/Illuminate/Session/Store.php(262): Illuminate\Session\FileSessionHandler->write('j17EQT4bSjDnCPx...', 'a:5:{s:6:"_toke...')
#4 /Users/donatas/projects/expense-quickadmin/vendor/laravel/framework/src/Illuminate/Session/Middleware/StartSession.php(88): Illuminate\Session\Store->save()
#5 /Users/donatas/projects/expense-quickadmin/vendor/laravel/framework/src/Illuminate/Foundation/Http/Kernel.php(176): Illuminate\Session\Middleware\StartSession->terminate(Object(Illuminate\Http\Request), Object(Illuminate\Http\RedirectResponse))
#6 /Users/donatas/projects/expense-quickadmin/public/index.php(58): Illuminate\Foundation\Http\Kernel->terminate(Object(Illuminate\Http\Request), Object(Illuminate\Http\RedirectResponse))
#7 /Users/donatas/.composer/vendor/laravel/valet/server.php(106): require('/Users/donatas/...')
#8 {main}  
[2016-11-17 12:05:11] local.ERROR: InvalidArgumentException: Please provide a valid cache path. in /Users/donatas/projects/expense-quickadmin/vendor/laravel/framework/src/Illuminate/View/Compilers/Compiler.php:36
Stack trace:
#0 /Users/donatas/projects/expense-quickadmin/vendor/laravel/framework/src/Illuminate/View/ViewServiceProvider.php(77): Illuminate\View\Compilers\Compiler->__construct(Object(Illuminate\Filesystem\Filesystem), false)
#1 /Users/donatas/projects/expense-quickadmin/vendor/laravel/framework/src/Illuminate/Container/Container.php(746): Illuminate\View\ViewServiceProvider->Illuminate\View\{closure}(Object(Illuminate\Foundation\Application), Array)
#2 /Users/donatas/projects/expense-quickadmin/vendor/laravel/framework/src/Illuminate/Container/Container.php(644): Illuminate\Container\Container->build(Object(Closure), Array)
#3 /Users/donatas/projects/expense-quickadmin/vendor/laravel/framework/src/Illuminate/Foundation/Application.php(709): Illuminate\Container\Container->make('blade.compiler', Array)
#4 /Users/donatas/projects/expense-quickadmin/vendor/laravel/framework/src/Illuminate/Container/Container.php(1203): Illuminate\Foundation\Application->make('blade.compiler')
#5 /Users/donatas/projects/expense-quickadmin/vendor/laravel/framework/src/Illuminate/View/ViewServiceProvider.php(81): Illuminate\Container\Container->offsetGet('blade.compiler')
#6 [internal function]: Illuminate\View\ViewServiceProvider->Illuminate\View\{closure}()
#7 /Users/donatas/projects/expense-quickadmin/vendor/laravel/framework/src/Illuminate/View/Engines/EngineResolver.php(54): call_user_func(Object(Closure))
#8 /Users/donatas/projects/expense-quickadmin/vendor/laravel/framework/src/Illuminate/View/Factory.php(320): Illuminate\View\Engines\EngineResolver->resolve('blade')
#9 /Users/donatas/projects/expense-quickadmin/vendor/laravel/framework/src/Illuminate/View/Factory.php(178): Illuminate\View\Factory->getEngineFromPath('/Users/donatas/...')
#10 /Users/donatas/projects/expense-quickadmin/vendor/laravel/framework/src/Illuminate/Foundation/helpers.php(855): Illuminate\View\Factory->make('auth.login', Array, Array)
#11 /Users/donatas/projects/expense-quickadmin/vendor/laravel/framework/src/Illuminate/Foundation/Auth/AuthenticatesUsers.php(20): view('auth.login')
#12 [internal function]: App\Http\Controllers\Auth\LoginController->showLoginForm()
#13 /Users/donatas/projects/expense-quickadmin/vendor/laravel/framework/src/Illuminate/Routing/Controller.php(55): call_user_func_array(Array, Array)
#14 /Users/donatas/projects/expense-quickadmin/vendor/laravel/framework/src/Illuminate/Routing/ControllerDispatcher.php(44): Illuminate\Routing\Controller->callAction('showLoginForm', Array)
#15 /Users/donatas/projects/expense-quickadmin/vendor/laravel/framework/src/Illuminate/Routing/Route.php(189): Illuminate\Routing\ControllerDispatcher->dispatch(Object(Illuminate\Routing\Route), Object(App\Http\Controllers\Auth\LoginController), 'showLoginForm')
#16 /Users/donatas/projects/expense-quickadmin/vendor/laravel/framework/src/Illuminate/Routing/Route.php(144): Illuminate\Routing\Route->runController()
#17 /Users/donatas/projects/expense-quickadmin/vendor/laravel/framework/src/Illuminate/Routing/Router.php(642): Illuminate\Routing\Route->run(Object(Illuminate\Http\Request))
#18 /Users/donatas/projects/expense-quickadmin/vendor/laravel/framework/src/Illuminate/Routing/Pipeline.php(53): Illuminate\Routing\Router->Illuminate\Routing\{closure}(Object(Illuminate\Http\Request))
#19 /Users/donatas/projects/expense-quickadmin/app/Http/Middleware/RedirectIfAuthenticated.php(24): Illuminate\Routing\Pipeline->Illuminate\Routing\{closure}(Object(Illuminate\Http\Request))
#20 /Users/donatas/projects/expense-quickadmin/vendor/laravel/framework/src/Illuminate/Pipeline/Pipeline.php(137): App\Http\Middleware\RedirectIfAuthenticated->handle(Object(Illuminate\Http\Request), Object(Closure))
#21 /Users/donatas/projects/expense-quickadmin/vendor/laravel/framework/src/Illuminate/Routing/Pipeline.php(33): Illuminate\Pipeline\Pipeline->Illuminate\Pipeline\{closure}(Object(Illuminate\Http\Request))
#22 /Users/donatas/projects/expense-quickadmin/vendor/laravel/framework/src/Illuminate/Routing/Middleware/SubstituteBindings.php(41): Illuminate\Routing\Pipeline->Illuminate\Routing\{closure}(Object(Illuminate\Http\Request))
#23 /Users/donatas/projects/expense-quickadmin/vendor/laravel/framework/src/Illuminate/Pipeline/Pipeline.php(137): Illuminate\Routing\Middleware\SubstituteBindings->handle(Object(Illuminate\Http\Request), Object(Closure))
#24 /Users/donatas/projects/expense-quickadmin/vendor/laravel/framework/src/Illuminate/Routing/Pipeline.php(33): Illuminate\Pipeline\Pipeline->Illuminate\Pipeline\{closure}(Object(Illuminate\Http\Request))
#25 /Users/donatas/projects/expense-quickadmin/vendor/laravel/framework/src/Illuminate/Foundation/Http/Middleware/VerifyCsrfToken.php(65): Illuminate\Routing\Pipeline->Illuminate\Routing\{closure}(Object(Illuminate\Http\Request))
#26 /Users/donatas/projects/expense-quickadmin/vendor/laravel/framework/src/Illuminate/Pipeline/Pipeline.php(137): Illuminate\Foundation\Http\Middleware\VerifyCsrfToken->handle(Object(Illuminate\Http\Request), Object(Closure))
#27 /Users/donatas/projects/expense-quickadmin/vendor/laravel/framework/src/Illuminate/Routing/Pipeline.php(33): Illuminate\Pipeline\Pipeline->Illuminate\Pipeline\{closure}(Object(Illuminate\Http\Request))
#28 /Users/donatas/projects/expense-quickadmin/vendor/laravel/framework/src/Illuminate/View/Middleware/ShareErrorsFromSession.php(49): Illuminate\Routing\Pipeline->Illuminate\Routing\{closure}(Object(Illuminate\Http\Request))
#29 /Users/donatas/projects/expense-quickadmin/vendor/laravel/framework/src/Illuminate/Pipeline/Pipeline.php(137): Illuminate\View\Middleware\ShareErrorsFromSession->handle(Object(Illuminate\Http\Request), Object(Closure))
#30 /Users/donatas/projects/expense-quickadmin/vendor/laravel/framework/src/Illuminate/Routing/Pipeline.php(33): Illuminate\Pipeline\Pipeline->Illuminate\Pipeline\{closure}(Object(Illuminate\Http\Request))
#31 /Users/donatas/projects/expense-quickadmin/vendor/laravel/framework/src/Illuminate/Session/Middleware/StartSession.php(64): Illuminate\Routing\Pipeline->Illuminate\Routing\{closure}(Object(Illuminate\Http\Request))
#32 /Users/donatas/projects/expense-quickadmin/vendor/laravel/framework/src/Illuminate/Pipeline/Pipeline.php(137): Illuminate\Session\Middleware\StartSession->handle(Object(Illuminate\Http\Request), Object(Closure))
#33 /Users/donatas/projects/expense-quickadmin/vendor/laravel/framework/src/Illuminate/Routing/Pipeline.php(33): Illuminate\Pipeline\Pipeline->Illuminate\Pipeline\{closure}(Object(Illuminate\Http\Request))
#34 /Users/donatas/projects/expense-quickadmin/vendor/laravel/framework/src/Illuminate/Cookie/Middleware/AddQueuedCookiesToResponse.php(37): Illuminate\Routing\Pipeline->Illuminate\Routing\{closure}(Object(Illuminate\Http\Request))
#35 /Users/donatas/projects/expense-quickadmin/vendor/laravel/framework/src/Illuminate/Pipeline/Pipeline.php(137): Illuminate\Cookie\Middleware\AddQueuedCookiesToResponse->handle(Object(Illuminate\Http\Request), Object(Closure))
#36 /Users/donatas/projects/expense-quickadmin/vendor/laravel/framework/src/Illuminate/Routing/Pipeline.php(33): Illuminate\Pipeline\Pipeline->Illuminate\Pipeline\{closure}(Object(Illuminate\Http\Request))
#37 /Users/donatas/projects/expense-quickadmin/vendor/laravel/framework/src/Illuminate/Cookie/Middleware/EncryptCookies.php(59): Illuminate\Routing\Pipeline->Illuminate\Routing\{closure}(Object(Illuminate\Http\Request))
#38 /Users/donatas/projects/expense-quickadmin/vendor/laravel/framework/src/Illuminate/Pipeline/Pipeline.php(137): Illuminate\Cookie\Middleware\EncryptCookies->handle(Object(Illuminate\Http\Request), Object(Closure))
#39 /Users/donatas/projects/expense-quickadmin/vendor/laravel/framework/src/Illuminate/Routing/Pipeline.php(33): Illuminate\Pipeline\Pipeline->Illuminate\Pipeline\{closure}(Object(Illuminate\Http\Request))
#40 /Users/donatas/projects/expense-quickadmin/vendor/laravel/framework/src/Illuminate/Pipeline/Pipeline.php(104): Illuminate\Routing\Pipeline->Illuminate\Routing\{closure}(Object(Illuminate\Http\Request))
#41 /Users/donatas/projects/expense-quickadmin/vendor/laravel/framework/src/Illuminate/Routing/Router.php(644): Illuminate\Pipeline\Pipeline->then(Object(Closure))
#42 /Users/donatas/projects/expense-quickadmin/vendor/laravel/framework/src/Illuminate/Routing/Router.php(618): Illuminate\Routing\Router->runRouteWithinStack(Object(Illuminate\Routing\Route), Object(Illuminate\Http\Request))
#43 /Users/donatas/projects/expense-quickadmin/vendor/laravel/framework/src/Illuminate/Routing/Router.php(596): Illuminate\Routing\Router->dispatchToRoute(Object(Illuminate\Http\Request))
#44 /Users/donatas/projects/expense-quickadmin/vendor/laravel/framework/src/Illuminate/Foundation/Http/Kernel.php(267): Illuminate\Routing\Router->dispatch(Object(Illuminate\Http\Request))
#45 /Users/donatas/projects/expense-quickadmin/vendor/laravel/framework/src/Illuminate/Routing/Pipeline.php(53): Illuminate\Foundation\Http\Kernel->Illuminate\Foundation\Http\{closure}(Object(Illuminate\Http\Request))
#46 /Users/donatas/projects/expense-quickadmin/vendor/laravel/framework/src/Illuminate/Foundation/Http/Middleware/CheckForMaintenanceMode.php(46): Illuminate\Routing\Pipeline->Illuminate\Routing\{closure}(Object(Illuminate\Http\Request))
#47 /Users/donatas/projects/expense-quickadmin/vendor/laravel/framework/src/Illuminate/Pipeline/Pipeline.php(137): Illuminate\Foundation\Http\Middleware\CheckForMaintenanceMode->handle(Object(Illuminate\Http\Request), Object(Closure))
#48 /Users/donatas/projects/expense-quickadmin/vendor/laravel/framework/src/Illuminate/Routing/Pipeline.php(33): Illuminate\Pipeline\Pipeline->Illuminate\Pipeline\{closure}(Object(Illuminate\Http\Request))
#49 /Users/donatas/projects/expense-quickadmin/vendor/laravel/framework/src/Illuminate/Pipeline/Pipeline.php(104): Illuminate\Routing\Pipeline->Illuminate\Routing\{closure}(Object(Illuminate\Http\Request))
#50 /Users/donatas/projects/expense-quickadmin/vendor/laravel/framework/src/Illuminate/Foundation/Http/Kernel.php(149): Illuminate\Pipeline\Pipeline->then(Object(Closure))
#51 /Users/donatas/projects/expense-quickadmin/vendor/laravel/framework/src/Illuminate/Foundation/Http/Kernel.php(116): Illuminate\Foundation\Http\Kernel->sendRequestThroughRouter(Object(Illuminate\Http\Request))
#52 /Users/donatas/projects/expense-quickadmin/public/index.php(53): Illuminate\Foundation\Http\Kernel->handle(Object(Illuminate\Http\Request))
#53 /Users/donatas/.composer/vendor/laravel/valet/server.php(106): require('/Users/donatas/...')
#54 {main}  
[2016-11-17 12:05:11] local.ERROR: ErrorException: file_put_contents(/Users/donatas/projects/expense-quickadmin/storage/framework/sessions/j17EQT4bSjDnCPxDs6nReGyoDN74BrPXVPBS4zKf): failed to open stream: No such file or directory in /Users/donatas/projects/expense-quickadmin/vendor/laravel/framework/src/Illuminate/Filesystem/Filesystem.php:111
Stack trace:
#0 [internal function]: Illuminate\Foundation\Bootstrap\HandleExceptions->handleError(2, 'file_put_conten...', '/Users/donatas/...', 111, Array)
#1 /Users/donatas/projects/expense-quickadmin/vendor/laravel/framework/src/Illuminate/Filesystem/Filesystem.php(111): file_put_contents('/Users/donatas/...', 'a:4:{s:6:"_toke...', 2)
#2 /Users/donatas/projects/expense-quickadmin/vendor/laravel/framework/src/Illuminate/Session/FileSessionHandler.php(83): Illuminate\Filesystem\Filesystem->put('/Users/donatas/...', 'a:4:{s:6:"_toke...', true)
#3 /Users/donatas/projects/expense-quickadmin/vendor/laravel/framework/src/Illuminate/Session/Store.php(262): Illuminate\Session\FileSessionHandler->write('j17EQT4bSjDnCPx...', 'a:4:{s:6:"_toke...')
#4 /Users/donatas/projects/expense-quickadmin/vendor/laravel/framework/src/Illuminate/Session/Middleware/StartSession.php(88): Illuminate\Session\Store->save()
#5 /Users/donatas/projects/expense-quickadmin/vendor/laravel/framework/src/Illuminate/Foundation/Http/Kernel.php(176): Illuminate\Session\Middleware\StartSession->terminate(Object(Illuminate\Http\Request), Object(Illuminate\Http\Response))
#6 /Users/donatas/projects/expense-quickadmin/public/index.php(58): Illuminate\Foundation\Http\Kernel->terminate(Object(Illuminate\Http\Request), Object(Illuminate\Http\Response))
#7 /Users/donatas/.composer/vendor/laravel/valet/server.php(106): require('/Users/donatas/...')
#8 {main}  
[2016-11-17 12:05:12] local.ERROR: InvalidArgumentException: Please provide a valid cache path. in /Users/donatas/projects/expense-quickadmin/vendor/laravel/framework/src/Illuminate/View/Compilers/Compiler.php:36
Stack trace:
#0 /Users/donatas/projects/expense-quickadmin/vendor/laravel/framework/src/Illuminate/View/ViewServiceProvider.php(77): Illuminate\View\Compilers\Compiler->__construct(Object(Illuminate\Filesystem\Filesystem), false)
#1 /Users/donatas/projects/expense-quickadmin/vendor/laravel/framework/src/Illuminate/Container/Container.php(746): Illuminate\View\ViewServiceProvider->Illuminate\View\{closure}(Object(Illuminate\Foundation\Application), Array)
#2 /Users/donatas/projects/expense-quickadmin/vendor/laravel/framework/src/Illuminate/Container/Container.php(644): Illuminate\Container\Container->build(Object(Closure), Array)
#3 /Users/donatas/projects/expense-quickadmin/vendor/laravel/framework/src/Illuminate/Foundation/Application.php(709): Illuminate\Container\Container->make('blade.compiler', Array)
#4 /Users/donatas/projects/expense-quickadmin/vendor/laravel/framework/src/Illuminate/Container/Container.php(1203): Illuminate\Foundation\Application->make('blade.compiler')
#5 /Users/donatas/projects/expense-quickadmin/vendor/laravel/framework/src/Illuminate/View/ViewServiceProvider.php(81): Illuminate\Container\Container->offsetGet('blade.compiler')
#6 [internal function]: Illuminate\View\ViewServiceProvider->Illuminate\View\{closure}()
#7 /Users/donatas/projects/expense-quickadmin/vendor/laravel/framework/src/Illuminate/View/Engines/EngineResolver.php(54): call_user_func(Object(Closure))
#8 /Users/donatas/projects/expense-quickadmin/vendor/laravel/framework/src/Illuminate/View/Factory.php(320): Illuminate\View\Engines\EngineResolver->resolve('blade')
#9 /Users/donatas/projects/expense-quickadmin/vendor/laravel/framework/src/Illuminate/View/Factory.php(178): Illuminate\View\Factory->getEngineFromPath('/Users/donatas/...')
#10 /Users/donatas/projects/expense-quickadmin/vendor/laravel/framework/src/Illuminate/Foundation/helpers.php(855): Illuminate\View\Factory->make('auth.login', Array, Array)
#11 /Users/donatas/projects/expense-quickadmin/vendor/laravel/framework/src/Illuminate/Foundation/Auth/AuthenticatesUsers.php(20): view('auth.login')
#12 [internal function]: App\Http\Controllers\Auth\LoginController->showLoginForm()
#13 /Users/donatas/projects/expense-quickadmin/vendor/laravel/framework/src/Illuminate/Routing/Controller.php(55): call_user_func_array(Array, Array)
#14 /Users/donatas/projects/expense-quickadmin/vendor/laravel/framework/src/Illuminate/Routing/ControllerDispatcher.php(44): Illuminate\Routing\Controller->callAction('showLoginForm', Array)
#15 /Users/donatas/projects/expense-quickadmin/vendor/laravel/framework/src/Illuminate/Routing/Route.php(189): Illuminate\Routing\ControllerDispatcher->dispatch(Object(Illuminate\Routing\Route), Object(App\Http\Controllers\Auth\LoginController), 'showLoginForm')
#16 /Users/donatas/projects/expense-quickadmin/vendor/laravel/framework/src/Illuminate/Routing/Route.php(144): Illuminate\Routing\Route->runController()
#17 /Users/donatas/projects/expense-quickadmin/vendor/laravel/framework/src/Illuminate/Routing/Router.php(642): Illuminate\Routing\Route->run(Object(Illuminate\Http\Request))
#18 /Users/donatas/projects/expense-quickadmin/vendor/laravel/framework/src/Illuminate/Routing/Pipeline.php(53): Illuminate\Routing\Router->Illuminate\Routing\{closure}(Object(Illuminate\Http\Request))
#19 /Users/donatas/projects/expense-quickadmin/app/Http/Middleware/RedirectIfAuthenticated.php(24): Illuminate\Routing\Pipeline->Illuminate\Routing\{closure}(Object(Illuminate\Http\Request))
#20 /Users/donatas/projects/expense-quickadmin/vendor/laravel/framework/src/Illuminate/Pipeline/Pipeline.php(137): App\Http\Middleware\RedirectIfAuthenticated->handle(Object(Illuminate\Http\Request), Object(Closure))
#21 /Users/donatas/projects/expense-quickadmin/vendor/laravel/framework/src/Illuminate/Routing/Pipeline.php(33): Illuminate\Pipeline\Pipeline->Illuminate\Pipeline\{closure}(Object(Illuminate\Http\Request))
#22 /Users/donatas/projects/expense-quickadmin/vendor/laravel/framework/src/Illuminate/Routing/Middleware/SubstituteBindings.php(41): Illuminate\Routing\Pipeline->Illuminate\Routing\{closure}(Object(Illuminate\Http\Request))
#23 /Users/donatas/projects/expense-quickadmin/vendor/laravel/framework/src/Illuminate/Pipeline/Pipeline.php(137): Illuminate\Routing\Middleware\SubstituteBindings->handle(Object(Illuminate\Http\Request), Object(Closure))
#24 /Users/donatas/projects/expense-quickadmin/vendor/laravel/framework/src/Illuminate/Routing/Pipeline.php(33): Illuminate\Pipeline\Pipeline->Illuminate\Pipeline\{closure}(Object(Illuminate\Http\Request))
#25 /Users/donatas/projects/expense-quickadmin/vendor/laravel/framework/src/Illuminate/Foundation/Http/Middleware/VerifyCsrfToken.php(65): Illuminate\Routing\Pipeline->Illuminate\Routing\{closure}(Object(Illuminate\Http\Request))
#26 /Users/donatas/projects/expense-quickadmin/vendor/laravel/framework/src/Illuminate/Pipeline/Pipeline.php(137): Illuminate\Foundation\Http\Middleware\VerifyCsrfToken->handle(Object(Illuminate\Http\Request), Object(Closure))
#27 /Users/donatas/projects/expense-quickadmin/vendor/laravel/framework/src/Illuminate/Routing/Pipeline.php(33): Illuminate\Pipeline\Pipeline->Illuminate\Pipeline\{closure}(Object(Illuminate\Http\Request))
#28 /Users/donatas/projects/expense-quickadmin/vendor/laravel/framework/src/Illuminate/View/Middleware/ShareErrorsFromSession.php(49): Illuminate\Routing\Pipeline->Illuminate\Routing\{closure}(Object(Illuminate\Http\Request))
#29 /Users/donatas/projects/expense-quickadmin/vendor/laravel/framework/src/Illuminate/Pipeline/Pipeline.php(137): Illuminate\View\Middleware\ShareErrorsFromSession->handle(Object(Illuminate\Http\Request), Object(Closure))
#30 /Users/donatas/projects/expense-quickadmin/vendor/laravel/framework/src/Illuminate/Routing/Pipeline.php(33): Illuminate\Pipeline\Pipeline->Illuminate\Pipeline\{closure}(Object(Illuminate\Http\Request))
#31 /Users/donatas/projects/expense-quickadmin/vendor/laravel/framework/src/Illuminate/Session/Middleware/StartSession.php(64): Illuminate\Routing\Pipeline->Illuminate\Routing\{closure}(Object(Illuminate\Http\Request))
#32 /Users/donatas/projects/expense-quickadmin/vendor/laravel/framework/src/Illuminate/Pipeline/Pipeline.php(137): Illuminate\Session\Middleware\StartSession->handle(Object(Illuminate\Http\Request), Object(Closure))
#33 /Users/donatas/projects/expense-quickadmin/vendor/laravel/framework/src/Illuminate/Routing/Pipeline.php(33): Illuminate\Pipeline\Pipeline->Illuminate\Pipeline\{closure}(Object(Illuminate\Http\Request))
#34 /Users/donatas/projects/expense-quickadmin/vendor/laravel/framework/src/Illuminate/Cookie/Middleware/AddQueuedCookiesToResponse.php(37): Illuminate\Routing\Pipeline->Illuminate\Routing\{closure}(Object(Illuminate\Http\Request))
#35 /Users/donatas/projects/expense-quickadmin/vendor/laravel/framework/src/Illuminate/Pipeline/Pipeline.php(137): Illuminate\Cookie\Middleware\AddQueuedCookiesToResponse->handle(Object(Illuminate\Http\Request), Object(Closure))
#36 /Users/donatas/projects/expense-quickadmin/vendor/laravel/framework/src/Illuminate/Routing/Pipeline.php(33): Illuminate\Pipeline\Pipeline->Illuminate\Pipeline\{closure}(Object(Illuminate\Http\Request))
#37 /Users/donatas/projects/expense-quickadmin/vendor/laravel/framework/src/Illuminate/Cookie/Middleware/EncryptCookies.php(59): Illuminate\Routing\Pipeline->Illuminate\Routing\{closure}(Object(Illuminate\Http\Request))
#38 /Users/donatas/projects/expense-quickadmin/vendor/laravel/framework/src/Illuminate/Pipeline/Pipeline.php(137): Illuminate\Cookie\Middleware\EncryptCookies->handle(Object(Illuminate\Http\Request), Object(Closure))
#39 /Users/donatas/projects/expense-quickadmin/vendor/laravel/framework/src/Illuminate/Routing/Pipeline.php(33): Illuminate\Pipeline\Pipeline->Illuminate\Pipeline\{closure}(Object(Illuminate\Http\Request))
#40 /Users/donatas/projects/expense-quickadmin/vendor/laravel/framework/src/Illuminate/Pipeline/Pipeline.php(104): Illuminate\Routing\Pipeline->Illuminate\Routing\{closure}(Object(Illuminate\Http\Request))
#41 /Users/donatas/projects/expense-quickadmin/vendor/laravel/framework/src/Illuminate/Routing/Router.php(644): Illuminate\Pipeline\Pipeline->then(Object(Closure))
#42 /Users/donatas/projects/expense-quickadmin/vendor/laravel/framework/src/Illuminate/Routing/Router.php(618): Illuminate\Routing\Router->runRouteWithinStack(Object(Illuminate\Routing\Route), Object(Illuminate\Http\Request))
#43 /Users/donatas/projects/expense-quickadmin/vendor/laravel/framework/src/Illuminate/Routing/Router.php(596): Illuminate\Routing\Router->dispatchToRoute(Object(Illuminate\Http\Request))
#44 /Users/donatas/projects/expense-quickadmin/vendor/laravel/framework/src/Illuminate/Foundation/Http/Kernel.php(267): Illuminate\Routing\Router->dispatch(Object(Illuminate\Http\Request))
#45 /Users/donatas/projects/expense-quickadmin/vendor/laravel/framework/src/Illuminate/Routing/Pipeline.php(53): Illuminate\Foundation\Http\Kernel->Illuminate\Foundation\Http\{closure}(Object(Illuminate\Http\Request))
#46 /Users/donatas/projects/expense-quickadmin/vendor/laravel/framework/src/Illuminate/Foundation/Http/Middleware/CheckForMaintenanceMode.php(46): Illuminate\Routing\Pipeline->Illuminate\Routing\{closure}(Object(Illuminate\Http\Request))
#47 /Users/donatas/projects/expense-quickadmin/vendor/laravel/framework/src/Illuminate/Pipeline/Pipeline.php(137): Illuminate\Foundation\Http\Middleware\CheckForMaintenanceMode->handle(Object(Illuminate\Http\Request), Object(Closure))
#48 /Users/donatas/projects/expense-quickadmin/vendor/laravel/framework/src/Illuminate/Routing/Pipeline.php(33): Illuminate\Pipeline\Pipeline->Illuminate\Pipeline\{closure}(Object(Illuminate\Http\Request))
#49 /Users/donatas/projects/expense-quickadmin/vendor/laravel/framework/src/Illuminate/Pipeline/Pipeline.php(104): Illuminate\Routing\Pipeline->Illuminate\Routing\{closure}(Object(Illuminate\Http\Request))
#50 /Users/donatas/projects/expense-quickadmin/vendor/laravel/framework/src/Illuminate/Foundation/Http/Kernel.php(149): Illuminate\Pipeline\Pipeline->then(Object(Closure))
#51 /Users/donatas/projects/expense-quickadmin/vendor/laravel/framework/src/Illuminate/Foundation/Http/Kernel.php(116): Illuminate\Foundation\Http\Kernel->sendRequestThroughRouter(Object(Illuminate\Http\Request))
#52 /Users/donatas/projects/expense-quickadmin/public/index.php(53): Illuminate\Foundation\Http\Kernel->handle(Object(Illuminate\Http\Request))
#53 /Users/donatas/.composer/vendor/laravel/valet/server.php(106): require('/Users/donatas/...')
#54 {main}  
[2016-11-17 12:05:12] local.ERROR: ErrorException: file_put_contents(/Users/donatas/projects/expense-quickadmin/storage/framework/sessions/j17EQT4bSjDnCPxDs6nReGyoDN74BrPXVPBS4zKf): failed to open stream: No such file or directory in /Users/donatas/projects/expense-quickadmin/vendor/laravel/framework/src/Illuminate/Filesystem/Filesystem.php:111
Stack trace:
#0 [internal function]: Illuminate\Foundation\Bootstrap\HandleExceptions->handleError(2, 'file_put_conten...', '/Users/donatas/...', 111, Array)
#1 /Users/donatas/projects/expense-quickadmin/vendor/laravel/framework/src/Illuminate/Filesystem/Filesystem.php(111): file_put_contents('/Users/donatas/...', 'a:4:{s:6:"_toke...', 2)
#2 /Users/donatas/projects/expense-quickadmin/vendor/laravel/framework/src/Illuminate/Session/FileSessionHandler.php(83): Illuminate\Filesystem\Filesystem->put('/Users/donatas/...', 'a:4:{s:6:"_toke...', true)
#3 /Users/donatas/projects/expense-quickadmin/vendor/laravel/framework/src/Illuminate/Session/Store.php(262): Illuminate\Session\FileSessionHandler->write('j17EQT4bSjDnCPx...', 'a:4:{s:6:"_toke...')
#4 /Users/donatas/projects/expense-quickadmin/vendor/laravel/framework/src/Illuminate/Session/Middleware/StartSession.php(88): Illuminate\Session\Store->save()
#5 /Users/donatas/projects/expense-quickadmin/vendor/laravel/framework/src/Illuminate/Foundation/Http/Kernel.php(176): Illuminate\Session\Middleware\StartSession->terminate(Object(Illuminate\Http\Request), Object(Illuminate\Http\Response))
#6 /Users/donatas/projects/expense-quickadmin/public/index.php(58): Illuminate\Foundation\Http\Kernel->terminate(Object(Illuminate\Http\Request), Object(Illuminate\Http\Response))
#7 /Users/donatas/.composer/vendor/laravel/valet/server.php(106): require('/Users/donatas/...')
#8 {main}  
[2016-11-17 12:05:12] local.ERROR: InvalidArgumentException: Please provide a valid cache path. in /Users/donatas/projects/expense-quickadmin/vendor/laravel/framework/src/Illuminate/View/Compilers/Compiler.php:36
Stack trace:
#0 /Users/donatas/projects/expense-quickadmin/vendor/laravel/framework/src/Illuminate/View/ViewServiceProvider.php(77): Illuminate\View\Compilers\Compiler->__construct(Object(Illuminate\Filesystem\Filesystem), false)
#1 /Users/donatas/projects/expense-quickadmin/vendor/laravel/framework/src/Illuminate/Container/Container.php(746): Illuminate\View\ViewServiceProvider->Illuminate\View\{closure}(Object(Illuminate\Foundation\Application), Array)
#2 /Users/donatas/projects/expense-quickadmin/vendor/laravel/framework/src/Illuminate/Container/Container.php(644): Illuminate\Container\Container->build(Object(Closure), Array)
#3 /Users/donatas/projects/expense-quickadmin/vendor/laravel/framework/src/Illuminate/Foundation/Application.php(709): Illuminate\Container\Container->make('blade.compiler', Array)
#4 /Users/donatas/projects/expense-quickadmin/vendor/laravel/framework/src/Illuminate/Container/Container.php(1203): Illuminate\Foundation\Application->make('blade.compiler')
#5 /Users/donatas/projects/expense-quickadmin/vendor/laravel/framework/src/Illuminate/View/ViewServiceProvider.php(81): Illuminate\Container\Container->offsetGet('blade.compiler')
#6 [internal function]: Illuminate\View\ViewServiceProvider->Illuminate\View\{closure}()
#7 /Users/donatas/projects/expense-quickadmin/vendor/laravel/framework/src/Illuminate/View/Engines/EngineResolver.php(54): call_user_func(Object(Closure))
#8 /Users/donatas/projects/expense-quickadmin/vendor/laravel/framework/src/Illuminate/View/Factory.php(320): Illuminate\View\Engines\EngineResolver->resolve('blade')
#9 /Users/donatas/projects/expense-quickadmin/vendor/laravel/framework/src/Illuminate/View/Factory.php(178): Illuminate\View\Factory->getEngineFromPath('/Users/donatas/...')
#10 /Users/donatas/projects/expense-quickadmin/vendor/laravel/framework/src/Illuminate/Foundation/helpers.php(855): Illuminate\View\Factory->make('auth.login', Array, Array)
#11 /Users/donatas/projects/expense-quickadmin/vendor/laravel/framework/src/Illuminate/Foundation/Auth/AuthenticatesUsers.php(20): view('auth.login')
#12 [internal function]: App\Http\Controllers\Auth\LoginController->showLoginForm()
#13 /Users/donatas/projects/expense-quickadmin/vendor/laravel/framework/src/Illuminate/Routing/Controller.php(55): call_user_func_array(Array, Array)
#14 /Users/donatas/projects/expense-quickadmin/vendor/laravel/framework/src/Illuminate/Routing/ControllerDispatcher.php(44): Illuminate\Routing\Controller->callAction('showLoginForm', Array)
#15 /Users/donatas/projects/expense-quickadmin/vendor/laravel/framework/src/Illuminate/Routing/Route.php(189): Illuminate\Routing\ControllerDispatcher->dispatch(Object(Illuminate\Routing\Route), Object(App\Http\Controllers\Auth\LoginController), 'showLoginForm')
#16 /Users/donatas/projects/expense-quickadmin/vendor/laravel/framework/src/Illuminate/Routing/Route.php(144): Illuminate\Routing\Route->runController()
#17 /Users/donatas/projects/expense-quickadmin/vendor/laravel/framework/src/Illuminate/Routing/Router.php(642): Illuminate\Routing\Route->run(Object(Illuminate\Http\Request))
#18 /Users/donatas/projects/expense-quickadmin/vendor/laravel/framework/src/Illuminate/Routing/Pipeline.php(53): Illuminate\Routing\Router->Illuminate\Routing\{closure}(Object(Illuminate\Http\Request))
#19 /Users/donatas/projects/expense-quickadmin/app/Http/Middleware/RedirectIfAuthenticated.php(24): Illuminate\Routing\Pipeline->Illuminate\Routing\{closure}(Object(Illuminate\Http\Request))
#20 /Users/donatas/projects/expense-quickadmin/vendor/laravel/framework/src/Illuminate/Pipeline/Pipeline.php(137): App\Http\Middleware\RedirectIfAuthenticated->handle(Object(Illuminate\Http\Request), Object(Closure))
#21 /Users/donatas/projects/expense-quickadmin/vendor/laravel/framework/src/Illuminate/Routing/Pipeline.php(33): Illuminate\Pipeline\Pipeline->Illuminate\Pipeline\{closure}(Object(Illuminate\Http\Request))
#22 /Users/donatas/projects/expense-quickadmin/vendor/laravel/framework/src/Illuminate/Routing/Middleware/SubstituteBindings.php(41): Illuminate\Routing\Pipeline->Illuminate\Routing\{closure}(Object(Illuminate\Http\Request))
#23 /Users/donatas/projects/expense-quickadmin/vendor/laravel/framework/src/Illuminate/Pipeline/Pipeline.php(137): Illuminate\Routing\Middleware\SubstituteBindings->handle(Object(Illuminate\Http\Request), Object(Closure))
#24 /Users/donatas/projects/expense-quickadmin/vendor/laravel/framework/src/Illuminate/Routing/Pipeline.php(33): Illuminate\Pipeline\Pipeline->Illuminate\Pipeline\{closure}(Object(Illuminate\Http\Request))
#25 /Users/donatas/projects/expense-quickadmin/vendor/laravel/framework/src/Illuminate/Foundation/Http/Middleware/VerifyCsrfToken.php(65): Illuminate\Routing\Pipeline->Illuminate\Routing\{closure}(Object(Illuminate\Http\Request))
#26 /Users/donatas/projects/expense-quickadmin/vendor/laravel/framework/src/Illuminate/Pipeline/Pipeline.php(137): Illuminate\Foundation\Http\Middleware\VerifyCsrfToken->handle(Object(Illuminate\Http\Request), Object(Closure))
#27 /Users/donatas/projects/expense-quickadmin/vendor/laravel/framework/src/Illuminate/Routing/Pipeline.php(33): Illuminate\Pipeline\Pipeline->Illuminate\Pipeline\{closure}(Object(Illuminate\Http\Request))
#28 /Users/donatas/projects/expense-quickadmin/vendor/laravel/framework/src/Illuminate/View/Middleware/ShareErrorsFromSession.php(49): Illuminate\Routing\Pipeline->Illuminate\Routing\{closure}(Object(Illuminate\Http\Request))
#29 /Users/donatas/projects/expense-quickadmin/vendor/laravel/framework/src/Illuminate/Pipeline/Pipeline.php(137): Illuminate\View\Middleware\ShareErrorsFromSession->handle(Object(Illuminate\Http\Request), Object(Closure))
#30 /Users/donatas/projects/expense-quickadmin/vendor/laravel/framework/src/Illuminate/Routing/Pipeline.php(33): Illuminate\Pipeline\Pipeline->Illuminate\Pipeline\{closure}(Object(Illuminate\Http\Request))
#31 /Users/donatas/projects/expense-quickadmin/vendor/laravel/framework/src/Illuminate/Session/Middleware/StartSession.php(64): Illuminate\Routing\Pipeline->Illuminate\Routing\{closure}(Object(Illuminate\Http\Request))
#32 /Users/donatas/projects/expense-quickadmin/vendor/laravel/framework/src/Illuminate/Pipeline/Pipeline.php(137): Illuminate\Session\Middleware\StartSession->handle(Object(Illuminate\Http\Request), Object(Closure))
#33 /Users/donatas/projects/expense-quickadmin/vendor/laravel/framework/src/Illuminate/Routing/Pipeline.php(33): Illuminate\Pipeline\Pipeline->Illuminate\Pipeline\{closure}(Object(Illuminate\Http\Request))
#34 /Users/donatas/projects/expense-quickadmin/vendor/laravel/framework/src/Illuminate/Cookie/Middleware/AddQueuedCookiesToResponse.php(37): Illuminate\Routing\Pipeline->Illuminate\Routing\{closure}(Object(Illuminate\Http\Request))
#35 /Users/donatas/projects/expense-quickadmin/vendor/laravel/framework/src/Illuminate/Pipeline/Pipeline.php(137): Illuminate\Cookie\Middleware\AddQueuedCookiesToResponse->handle(Object(Illuminate\Http\Request), Object(Closure))
#36 /Users/donatas/projects/expense-quickadmin/vendor/laravel/framework/src/Illuminate/Routing/Pipeline.php(33): Illuminate\Pipeline\Pipeline->Illuminate\Pipeline\{closure}(Object(Illuminate\Http\Request))
#37 /Users/donatas/projects/expense-quickadmin/vendor/laravel/framework/src/Illuminate/Cookie/Middleware/EncryptCookies.php(59): Illuminate\Routing\Pipeline->Illuminate\Routing\{closure}(Object(Illuminate\Http\Request))
#38 /Users/donatas/projects/expense-quickadmin/vendor/laravel/framework/src/Illuminate/Pipeline/Pipeline.php(137): Illuminate\Cookie\Middleware\EncryptCookies->handle(Object(Illuminate\Http\Request), Object(Closure))
#39 /Users/donatas/projects/expense-quickadmin/vendor/laravel/framework/src/Illuminate/Routing/Pipeline.php(33): Illuminate\Pipeline\Pipeline->Illuminate\Pipeline\{closure}(Object(Illuminate\Http\Request))
#40 /Users/donatas/projects/expense-quickadmin/vendor/laravel/framework/src/Illuminate/Pipeline/Pipeline.php(104): Illuminate\Routing\Pipeline->Illuminate\Routing\{closure}(Object(Illuminate\Http\Request))
#41 /Users/donatas/projects/expense-quickadmin/vendor/laravel/framework/src/Illuminate/Routing/Router.php(644): Illuminate\Pipeline\Pipeline->then(Object(Closure))
#42 /Users/donatas/projects/expense-quickadmin/vendor/laravel/framework/src/Illuminate/Routing/Router.php(618): Illuminate\Routing\Router->runRouteWithinStack(Object(Illuminate\Routing\Route), Object(Illuminate\Http\Request))
#43 /Users/donatas/projects/expense-quickadmin/vendor/laravel/framework/src/Illuminate/Routing/Router.php(596): Illuminate\Routing\Router->dispatchToRoute(Object(Illuminate\Http\Request))
#44 /Users/donatas/projects/expense-quickadmin/vendor/laravel/framework/src/Illuminate/Foundation/Http/Kernel.php(267): Illuminate\Routing\Router->dispatch(Object(Illuminate\Http\Request))
#45 /Users/donatas/projects/expense-quickadmin/vendor/laravel/framework/src/Illuminate/Routing/Pipeline.php(53): Illuminate\Foundation\Http\Kernel->Illuminate\Foundation\Http\{closure}(Object(Illuminate\Http\Request))
#46 /Users/donatas/projects/expense-quickadmin/vendor/laravel/framework/src/Illuminate/Foundation/Http/Middleware/CheckForMaintenanceMode.php(46): Illuminate\Routing\Pipeline->Illuminate\Routing\{closure}(Object(Illuminate\Http\Request))
#47 /Users/donatas/projects/expense-quickadmin/vendor/laravel/framework/src/Illuminate/Pipeline/Pipeline.php(137): Illuminate\Foundation\Http\Middleware\CheckForMaintenanceMode->handle(Object(Illuminate\Http\Request), Object(Closure))
#48 /Users/donatas/projects/expense-quickadmin/vendor/laravel/framework/src/Illuminate/Routing/Pipeline.php(33): Illuminate\Pipeline\Pipeline->Illuminate\Pipeline\{closure}(Object(Illuminate\Http\Request))
#49 /Users/donatas/projects/expense-quickadmin/vendor/laravel/framework/src/Illuminate/Pipeline/Pipeline.php(104): Illuminate\Routing\Pipeline->Illuminate\Routing\{closure}(Object(Illuminate\Http\Request))
#50 /Users/donatas/projects/expense-quickadmin/vendor/laravel/framework/src/Illuminate/Foundation/Http/Kernel.php(149): Illuminate\Pipeline\Pipeline->then(Object(Closure))
#51 /Users/donatas/projects/expense-quickadmin/vendor/laravel/framework/src/Illuminate/Foundation/Http/Kernel.php(116): Illuminate\Foundation\Http\Kernel->sendRequestThroughRouter(Object(Illuminate\Http\Request))
#52 /Users/donatas/projects/expense-quickadmin/public/index.php(53): Illuminate\Foundation\Http\Kernel->handle(Object(Illuminate\Http\Request))
#53 /Users/donatas/.composer/vendor/laravel/valet/server.php(106): require('/Users/donatas/...')
#54 {main}  
[2016-11-17 12:05:12] local.ERROR: ErrorException: file_put_contents(/Users/donatas/projects/expense-quickadmin/storage/framework/sessions/j17EQT4bSjDnCPxDs6nReGyoDN74BrPXVPBS4zKf): failed to open stream: No such file or directory in /Users/donatas/projects/expense-quickadmin/vendor/laravel/framework/src/Illuminate/Filesystem/Filesystem.php:111
Stack trace:
#0 [internal function]: Illuminate\Foundation\Bootstrap\HandleExceptions->handleError(2, 'file_put_conten...', '/Users/donatas/...', 111, Array)
#1 /Users/donatas/projects/expense-quickadmin/vendor/laravel/framework/src/Illuminate/Filesystem/Filesystem.php(111): file_put_contents('/Users/donatas/...', 'a:4:{s:6:"_toke...', 2)
#2 /Users/donatas/projects/expense-quickadmin/vendor/laravel/framework/src/Illuminate/Session/FileSessionHandler.php(83): Illuminate\Filesystem\Filesystem->put('/Users/donatas/...', 'a:4:{s:6:"_toke...', true)
#3 /Users/donatas/projects/expense-quickadmin/vendor/laravel/framework/src/Illuminate/Session/Store.php(262): Illuminate\Session\FileSessionHandler->write('j17EQT4bSjDnCPx...', 'a:4:{s:6:"_toke...')
#4 /Users/donatas/projects/expense-quickadmin/vendor/laravel/framework/src/Illuminate/Session/Middleware/StartSession.php(88): Illuminate\Session\Store->save()
#5 /Users/donatas/projects/expense-quickadmin/vendor/laravel/framework/src/Illuminate/Foundation/Http/Kernel.php(176): Illuminate\Session\Middleware\StartSession->terminate(Object(Illuminate\Http\Request), Object(Illuminate\Http\Response))
#6 /Users/donatas/projects/expense-quickadmin/public/index.php(58): Illuminate\Foundation\Http\Kernel->terminate(Object(Illuminate\Http\Request), Object(Illuminate\Http\Response))
#7 /Users/donatas/.composer/vendor/laravel/valet/server.php(106): require('/Users/donatas/...')
#8 {main}  
[2016-11-17 12:05:12] local.ERROR: InvalidArgumentException: Please provide a valid cache path. in /Users/donatas/projects/expense-quickadmin/vendor/laravel/framework/src/Illuminate/View/Compilers/Compiler.php:36
Stack trace:
#0 /Users/donatas/projects/expense-quickadmin/vendor/laravel/framework/src/Illuminate/View/ViewServiceProvider.php(77): Illuminate\View\Compilers\Compiler->__construct(Object(Illuminate\Filesystem\Filesystem), false)
#1 /Users/donatas/projects/expense-quickadmin/vendor/laravel/framework/src/Illuminate/Container/Container.php(746): Illuminate\View\ViewServiceProvider->Illuminate\View\{closure}(Object(Illuminate\Foundation\Application), Array)
#2 /Users/donatas/projects/expense-quickadmin/vendor/laravel/framework/src/Illuminate/Container/Container.php(644): Illuminate\Container\Container->build(Object(Closure), Array)
#3 /Users/donatas/projects/expense-quickadmin/vendor/laravel/framework/src/Illuminate/Foundation/Application.php(709): Illuminate\Container\Container->make('blade.compiler', Array)
#4 /Users/donatas/projects/expense-quickadmin/vendor/laravel/framework/src/Illuminate/Container/Container.php(1203): Illuminate\Foundation\Application->make('blade.compiler')
#5 /Users/donatas/projects/expense-quickadmin/vendor/laravel/framework/src/Illuminate/View/ViewServiceProvider.php(81): Illuminate\Container\Container->offsetGet('blade.compiler')
#6 [internal function]: Illuminate\View\ViewServiceProvider->Illuminate\View\{closure}()
#7 /Users/donatas/projects/expense-quickadmin/vendor/laravel/framework/src/Illuminate/View/Engines/EngineResolver.php(54): call_user_func(Object(Closure))
#8 /Users/donatas/projects/expense-quickadmin/vendor/laravel/framework/src/Illuminate/View/Factory.php(320): Illuminate\View\Engines\EngineResolver->resolve('blade')
#9 /Users/donatas/projects/expense-quickadmin/vendor/laravel/framework/src/Illuminate/View/Factory.php(178): Illuminate\View\Factory->getEngineFromPath('/Users/donatas/...')
#10 /Users/donatas/projects/expense-quickadmin/vendor/laravel/framework/src/Illuminate/Foundation/helpers.php(855): Illuminate\View\Factory->make('auth.login', Array, Array)
#11 /Users/donatas/projects/expense-quickadmin/vendor/laravel/framework/src/Illuminate/Foundation/Auth/AuthenticatesUsers.php(20): view('auth.login')
#12 [internal function]: App\Http\Controllers\Auth\LoginController->showLoginForm()
#13 /Users/donatas/projects/expense-quickadmin/vendor/laravel/framework/src/Illuminate/Routing/Controller.php(55): call_user_func_array(Array, Array)
#14 /Users/donatas/projects/expense-quickadmin/vendor/laravel/framework/src/Illuminate/Routing/ControllerDispatcher.php(44): Illuminate\Routing\Controller->callAction('showLoginForm', Array)
#15 /Users/donatas/projects/expense-quickadmin/vendor/laravel/framework/src/Illuminate/Routing/Route.php(189): Illuminate\Routing\ControllerDispatcher->dispatch(Object(Illuminate\Routing\Route), Object(App\Http\Controllers\Auth\LoginController), 'showLoginForm')
#16 /Users/donatas/projects/expense-quickadmin/vendor/laravel/framework/src/Illuminate/Routing/Route.php(144): Illuminate\Routing\Route->runController()
#17 /Users/donatas/projects/expense-quickadmin/vendor/laravel/framework/src/Illuminate/Routing/Router.php(642): Illuminate\Routing\Route->run(Object(Illuminate\Http\Request))
#18 /Users/donatas/projects/expense-quickadmin/vendor/laravel/framework/src/Illuminate/Routing/Pipeline.php(53): Illuminate\Routing\Router->Illuminate\Routing\{closure}(Object(Illuminate\Http\Request))
#19 /Users/donatas/projects/expense-quickadmin/app/Http/Middleware/RedirectIfAuthenticated.php(24): Illuminate\Routing\Pipeline->Illuminate\Routing\{closure}(Object(Illuminate\Http\Request))
#20 /Users/donatas/projects/expense-quickadmin/vendor/laravel/framework/src/Illuminate/Pipeline/Pipeline.php(137): App\Http\Middleware\RedirectIfAuthenticated->handle(Object(Illuminate\Http\Request), Object(Closure))
#21 /Users/donatas/projects/expense-quickadmin/vendor/laravel/framework/src/Illuminate/Routing/Pipeline.php(33): Illuminate\Pipeline\Pipeline->Illuminate\Pipeline\{closure}(Object(Illuminate\Http\Request))
#22 /Users/donatas/projects/expense-quickadmin/vendor/laravel/framework/src/Illuminate/Routing/Middleware/SubstituteBindings.php(41): Illuminate\Routing\Pipeline->Illuminate\Routing\{closure}(Object(Illuminate\Http\Request))
#23 /Users/donatas/projects/expense-quickadmin/vendor/laravel/framework/src/Illuminate/Pipeline/Pipeline.php(137): Illuminate\Routing\Middleware\SubstituteBindings->handle(Object(Illuminate\Http\Request), Object(Closure))
#24 /Users/donatas/projects/expense-quickadmin/vendor/laravel/framework/src/Illuminate/Routing/Pipeline.php(33): Illuminate\Pipeline\Pipeline->Illuminate\Pipeline\{closure}(Object(Illuminate\Http\Request))
#25 /Users/donatas/projects/expense-quickadmin/vendor/laravel/framework/src/Illuminate/Foundation/Http/Middleware/VerifyCsrfToken.php(65): Illuminate\Routing\Pipeline->Illuminate\Routing\{closure}(Object(Illuminate\Http\Request))
#26 /Users/donatas/projects/expense-quickadmin/vendor/laravel/framework/src/Illuminate/Pipeline/Pipeline.php(137): Illuminate\Foundation\Http\Middleware\VerifyCsrfToken->handle(Object(Illuminate\Http\Request), Object(Closure))
#27 /Users/donatas/projects/expense-quickadmin/vendor/laravel/framework/src/Illuminate/Routing/Pipeline.php(33): Illuminate\Pipeline\Pipeline->Illuminate\Pipeline\{closure}(Object(Illuminate\Http\Request))
#28 /Users/donatas/projects/expense-quickadmin/vendor/laravel/framework/src/Illuminate/View/Middleware/ShareErrorsFromSession.php(49): Illuminate\Routing\Pipeline->Illuminate\Routing\{closure}(Object(Illuminate\Http\Request))
#29 /Users/donatas/projects/expense-quickadmin/vendor/laravel/framework/src/Illuminate/Pipeline/Pipeline.php(137): Illuminate\View\Middleware\ShareErrorsFromSession->handle(Object(Illuminate\Http\Request), Object(Closure))
#30 /Users/donatas/projects/expense-quickadmin/vendor/laravel/framework/src/Illuminate/Routing/Pipeline.php(33): Illuminate\Pipeline\Pipeline->Illuminate\Pipeline\{closure}(Object(Illuminate\Http\Request))
#31 /Users/donatas/projects/expense-quickadmin/vendor/laravel/framework/src/Illuminate/Session/Middleware/StartSession.php(64): Illuminate\Routing\Pipeline->Illuminate\Routing\{closure}(Object(Illuminate\Http\Request))
#32 /Users/donatas/projects/expense-quickadmin/vendor/laravel/framework/src/Illuminate/Pipeline/Pipeline.php(137): Illuminate\Session\Middleware\StartSession->handle(Object(Illuminate\Http\Request), Object(Closure))
#33 /Users/donatas/projects/expense-quickadmin/vendor/laravel/framework/src/Illuminate/Routing/Pipeline.php(33): Illuminate\Pipeline\Pipeline->Illuminate\Pipeline\{closure}(Object(Illuminate\Http\Request))
#34 /Users/donatas/projects/expense-quickadmin/vendor/laravel/framework/src/Illuminate/Cookie/Middleware/AddQueuedCookiesToResponse.php(37): Illuminate\Routing\Pipeline->Illuminate\Routing\{closure}(Object(Illuminate\Http\Request))
#35 /Users/donatas/projects/expense-quickadmin/vendor/laravel/framework/src/Illuminate/Pipeline/Pipeline.php(137): Illuminate\Cookie\Middleware\AddQueuedCookiesToResponse->handle(Object(Illuminate\Http\Request), Object(Closure))
#36 /Users/donatas/projects/expense-quickadmin/vendor/laravel/framework/src/Illuminate/Routing/Pipeline.php(33): Illuminate\Pipeline\Pipeline->Illuminate\Pipeline\{closure}(Object(Illuminate\Http\Request))
#37 /Users/donatas/projects/expense-quickadmin/vendor/laravel/framework/src/Illuminate/Cookie/Middleware/EncryptCookies.php(59): Illuminate\Routing\Pipeline->Illuminate\Routing\{closure}(Object(Illuminate\Http\Request))
#38 /Users/donatas/projects/expense-quickadmin/vendor/laravel/framework/src/Illuminate/Pipeline/Pipeline.php(137): Illuminate\Cookie\Middleware\EncryptCookies->handle(Object(Illuminate\Http\Request), Object(Closure))
#39 /Users/donatas/projects/expense-quickadmin/vendor/laravel/framework/src/Illuminate/Routing/Pipeline.php(33): Illuminate\Pipeline\Pipeline->Illuminate\Pipeline\{closure}(Object(Illuminate\Http\Request))
#40 /Users/donatas/projects/expense-quickadmin/vendor/laravel/framework/src/Illuminate/Pipeline/Pipeline.php(104): Illuminate\Routing\Pipeline->Illuminate\Routing\{closure}(Object(Illuminate\Http\Request))
#41 /Users/donatas/projects/expense-quickadmin/vendor/laravel/framework/src/Illuminate/Routing/Router.php(644): Illuminate\Pipeline\Pipeline->then(Object(Closure))
#42 /Users/donatas/projects/expense-quickadmin/vendor/laravel/framework/src/Illuminate/Routing/Router.php(618): Illuminate\Routing\Router->runRouteWithinStack(Object(Illuminate\Routing\Route), Object(Illuminate\Http\Request))
#43 /Users/donatas/projects/expense-quickadmin/vendor/laravel/framework/src/Illuminate/Routing/Router.php(596): Illuminate\Routing\Router->dispatchToRoute(Object(Illuminate\Http\Request))
#44 /Users/donatas/projects/expense-quickadmin/vendor/laravel/framework/src/Illuminate/Foundation/Http/Kernel.php(267): Illuminate\Routing\Router->dispatch(Object(Illuminate\Http\Request))
#45 /Users/donatas/projects/expense-quickadmin/vendor/laravel/framework/src/Illuminate/Routing/Pipeline.php(53): Illuminate\Foundation\Http\Kernel->Illuminate\Foundation\Http\{closure}(Object(Illuminate\Http\Request))
#46 /Users/donatas/projects/expense-quickadmin/vendor/laravel/framework/src/Illuminate/Foundation/Http/Middleware/CheckForMaintenanceMode.php(46): Illuminate\Routing\Pipeline->Illuminate\Routing\{closure}(Object(Illuminate\Http\Request))
#47 /Users/donatas/projects/expense-quickadmin/vendor/laravel/framework/src/Illuminate/Pipeline/Pipeline.php(137): Illuminate\Foundation\Http\Middleware\CheckForMaintenanceMode->handle(Object(Illuminate\Http\Request), Object(Closure))
#48 /Users/donatas/projects/expense-quickadmin/vendor/laravel/framework/src/Illuminate/Routing/Pipeline.php(33): Illuminate\Pipeline\Pipeline->Illuminate\Pipeline\{closure}(Object(Illuminate\Http\Request))
#49 /Users/donatas/projects/expense-quickadmin/vendor/laravel/framework/src/Illuminate/Pipeline/Pipeline.php(104): Illuminate\Routing\Pipeline->Illuminate\Routing\{closure}(Object(Illuminate\Http\Request))
#50 /Users/donatas/projects/expense-quickadmin/vendor/laravel/framework/src/Illuminate/Foundation/Http/Kernel.php(149): Illuminate\Pipeline\Pipeline->then(Object(Closure))
#51 /Users/donatas/projects/expense-quickadmin/vendor/laravel/framework/src/Illuminate/Foundation/Http/Kernel.php(116): Illuminate\Foundation\Http\Kernel->sendRequestThroughRouter(Object(Illuminate\Http\Request))
#52 /Users/donatas/projects/expense-quickadmin/public/index.php(53): Illuminate\Foundation\Http\Kernel->handle(Object(Illuminate\Http\Request))
#53 /Users/donatas/.composer/vendor/laravel/valet/server.php(106): require('/Users/donatas/...')
#54 {main}  
[2016-11-17 12:05:12] local.ERROR: ErrorException: file_put_contents(/Users/donatas/projects/expense-quickadmin/storage/framework/sessions/j17EQT4bSjDnCPxDs6nReGyoDN74BrPXVPBS4zKf): failed to open stream: No such file or directory in /Users/donatas/projects/expense-quickadmin/vendor/laravel/framework/src/Illuminate/Filesystem/Filesystem.php:111
Stack trace:
#0 [internal function]: Illuminate\Foundation\Bootstrap\HandleExceptions->handleError(2, 'file_put_conten...', '/Users/donatas/...', 111, Array)
#1 /Users/donatas/projects/expense-quickadmin/vendor/laravel/framework/src/Illuminate/Filesystem/Filesystem.php(111): file_put_contents('/Users/donatas/...', 'a:4:{s:6:"_toke...', 2)
#2 /Users/donatas/projects/expense-quickadmin/vendor/laravel/framework/src/Illuminate/Session/FileSessionHandler.php(83): Illuminate\Filesystem\Filesystem->put('/Users/donatas/...', 'a:4:{s:6:"_toke...', true)
#3 /Users/donatas/projects/expense-quickadmin/vendor/laravel/framework/src/Illuminate/Session/Store.php(262): Illuminate\Session\FileSessionHandler->write('j17EQT4bSjDnCPx...', 'a:4:{s:6:"_toke...')
#4 /Users/donatas/projects/expense-quickadmin/vendor/laravel/framework/src/Illuminate/Session/Middleware/StartSession.php(88): Illuminate\Session\Store->save()
#5 /Users/donatas/projects/expense-quickadmin/vendor/laravel/framework/src/Illuminate/Foundation/Http/Kernel.php(176): Illuminate\Session\Middleware\StartSession->terminate(Object(Illuminate\Http\Request), Object(Illuminate\Http\Response))
#6 /Users/donatas/projects/expense-quickadmin/public/index.php(58): Illuminate\Foundation\Http\Kernel->terminate(Object(Illuminate\Http\Request), Object(Illuminate\Http\Response))
#7 /Users/donatas/.composer/vendor/laravel/valet/server.php(106): require('/Users/donatas/...')
#8 {main}  
[2016-11-17 12:05:27] local.ERROR: InvalidArgumentException: Please provide a valid cache path. in /Users/donatas/projects/expense-quickadmin/vendor/laravel/framework/src/Illuminate/View/Compilers/Compiler.php:36
Stack trace:
#0 /Users/donatas/projects/expense-quickadmin/vendor/laravel/framework/src/Illuminate/View/ViewServiceProvider.php(77): Illuminate\View\Compilers\Compiler->__construct(Object(Illuminate\Filesystem\Filesystem), false)
#1 /Users/donatas/projects/expense-quickadmin/vendor/laravel/framework/src/Illuminate/Container/Container.php(746): Illuminate\View\ViewServiceProvider->Illuminate\View\{closure}(Object(Illuminate\Foundation\Application), Array)
#2 /Users/donatas/projects/expense-quickadmin/vendor/laravel/framework/src/Illuminate/Container/Container.php(644): Illuminate\Container\Container->build(Object(Closure), Array)
#3 /Users/donatas/projects/expense-quickadmin/vendor/laravel/framework/src/Illuminate/Foundation/Application.php(709): Illuminate\Container\Container->make('blade.compiler', Array)
#4 /Users/donatas/projects/expense-quickadmin/vendor/laravel/framework/src/Illuminate/Container/Container.php(1203): Illuminate\Foundation\Application->make('blade.compiler')
#5 /Users/donatas/projects/expense-quickadmin/vendor/laravel/framework/src/Illuminate/View/ViewServiceProvider.php(81): Illuminate\Container\Container->offsetGet('blade.compiler')
#6 [internal function]: Illuminate\View\ViewServiceProvider->Illuminate\View\{closure}()
#7 /Users/donatas/projects/expense-quickadmin/vendor/laravel/framework/src/Illuminate/View/Engines/EngineResolver.php(54): call_user_func(Object(Closure))
#8 /Users/donatas/projects/expense-quickadmin/vendor/laravel/framework/src/Illuminate/View/Factory.php(320): Illuminate\View\Engines\EngineResolver->resolve('blade')
#9 /Users/donatas/projects/expense-quickadmin/vendor/laravel/framework/src/Illuminate/View/Factory.php(178): Illuminate\View\Factory->getEngineFromPath('/Users/donatas/...')
#10 /Users/donatas/projects/expense-quickadmin/vendor/laravel/framework/src/Illuminate/Foundation/helpers.php(855): Illuminate\View\Factory->make('auth.login', Array, Array)
#11 /Users/donatas/projects/expense-quickadmin/vendor/laravel/framework/src/Illuminate/Foundation/Auth/AuthenticatesUsers.php(20): view('auth.login')
#12 [internal function]: App\Http\Controllers\Auth\LoginController->showLoginForm()
#13 /Users/donatas/projects/expense-quickadmin/vendor/laravel/framework/src/Illuminate/Routing/Controller.php(55): call_user_func_array(Array, Array)
#14 /Users/donatas/projects/expense-quickadmin/vendor/laravel/framework/src/Illuminate/Routing/ControllerDispatcher.php(44): Illuminate\Routing\Controller->callAction('showLoginForm', Array)
#15 /Users/donatas/projects/expense-quickadmin/vendor/laravel/framework/src/Illuminate/Routing/Route.php(189): Illuminate\Routing\ControllerDispatcher->dispatch(Object(Illuminate\Routing\Route), Object(App\Http\Controllers\Auth\LoginController), 'showLoginForm')
#16 /Users/donatas/projects/expense-quickadmin/vendor/laravel/framework/src/Illuminate/Routing/Route.php(144): Illuminate\Routing\Route->runController()
#17 /Users/donatas/projects/expense-quickadmin/vendor/laravel/framework/src/Illuminate/Routing/Router.php(642): Illuminate\Routing\Route->run(Object(Illuminate\Http\Request))
#18 /Users/donatas/projects/expense-quickadmin/vendor/laravel/framework/src/Illuminate/Routing/Pipeline.php(53): Illuminate\Routing\Router->Illuminate\Routing\{closure}(Object(Illuminate\Http\Request))
#19 /Users/donatas/projects/expense-quickadmin/app/Http/Middleware/RedirectIfAuthenticated.php(24): Illuminate\Routing\Pipeline->Illuminate\Routing\{closure}(Object(Illuminate\Http\Request))
#20 /Users/donatas/projects/expense-quickadmin/vendor/laravel/framework/src/Illuminate/Pipeline/Pipeline.php(137): App\Http\Middleware\RedirectIfAuthenticated->handle(Object(Illuminate\Http\Request), Object(Closure))
#21 /Users/donatas/projects/expense-quickadmin/vendor/laravel/framework/src/Illuminate/Routing/Pipeline.php(33): Illuminate\Pipeline\Pipeline->Illuminate\Pipeline\{closure}(Object(Illuminate\Http\Request))
#22 /Users/donatas/projects/expense-quickadmin/vendor/laravel/framework/src/Illuminate/Routing/Middleware/SubstituteBindings.php(41): Illuminate\Routing\Pipeline->Illuminate\Routing\{closure}(Object(Illuminate\Http\Request))
#23 /Users/donatas/projects/expense-quickadmin/vendor/laravel/framework/src/Illuminate/Pipeline/Pipeline.php(137): Illuminate\Routing\Middleware\SubstituteBindings->handle(Object(Illuminate\Http\Request), Object(Closure))
#24 /Users/donatas/projects/expense-quickadmin/vendor/laravel/framework/src/Illuminate/Routing/Pipeline.php(33): Illuminate\Pipeline\Pipeline->Illuminate\Pipeline\{closure}(Object(Illuminate\Http\Request))
#25 /Users/donatas/projects/expense-quickadmin/vendor/laravel/framework/src/Illuminate/Foundation/Http/Middleware/VerifyCsrfToken.php(65): Illuminate\Routing\Pipeline->Illuminate\Routing\{closure}(Object(Illuminate\Http\Request))
#26 /Users/donatas/projects/expense-quickadmin/vendor/laravel/framework/src/Illuminate/Pipeline/Pipeline.php(137): Illuminate\Foundation\Http\Middleware\VerifyCsrfToken->handle(Object(Illuminate\Http\Request), Object(Closure))
#27 /Users/donatas/projects/expense-quickadmin/vendor/laravel/framework/src/Illuminate/Routing/Pipeline.php(33): Illuminate\Pipeline\Pipeline->Illuminate\Pipeline\{closure}(Object(Illuminate\Http\Request))
#28 /Users/donatas/projects/expense-quickadmin/vendor/laravel/framework/src/Illuminate/View/Middleware/ShareErrorsFromSession.php(49): Illuminate\Routing\Pipeline->Illuminate\Routing\{closure}(Object(Illuminate\Http\Request))
#29 /Users/donatas/projects/expense-quickadmin/vendor/laravel/framework/src/Illuminate/Pipeline/Pipeline.php(137): Illuminate\View\Middleware\ShareErrorsFromSession->handle(Object(Illuminate\Http\Request), Object(Closure))
#30 /Users/donatas/projects/expense-quickadmin/vendor/laravel/framework/src/Illuminate/Routing/Pipeline.php(33): Illuminate\Pipeline\Pipeline->Illuminate\Pipeline\{closure}(Object(Illuminate\Http\Request))
#31 /Users/donatas/projects/expense-quickadmin/vendor/laravel/framework/src/Illuminate/Session/Middleware/StartSession.php(64): Illuminate\Routing\Pipeline->Illuminate\Routing\{closure}(Object(Illuminate\Http\Request))
#32 /Users/donatas/projects/expense-quickadmin/vendor/laravel/framework/src/Illuminate/Pipeline/Pipeline.php(137): Illuminate\Session\Middleware\StartSession->handle(Object(Illuminate\Http\Request), Object(Closure))
#33 /Users/donatas/projects/expense-quickadmin/vendor/laravel/framework/src/Illuminate/Routing/Pipeline.php(33): Illuminate\Pipeline\Pipeline->Illuminate\Pipeline\{closure}(Object(Illuminate\Http\Request))
#34 /Users/donatas/projects/expense-quickadmin/vendor/laravel/framework/src/Illuminate/Cookie/Middleware/AddQueuedCookiesToResponse.php(37): Illuminate\Routing\Pipeline->Illuminate\Routing\{closure}(Object(Illuminate\Http\Request))
#35 /Users/donatas/projects/expense-quickadmin/vendor/laravel/framework/src/Illuminate/Pipeline/Pipeline.php(137): Illuminate\Cookie\Middleware\AddQueuedCookiesToResponse->handle(Object(Illuminate\Http\Request), Object(Closure))
#36 /Users/donatas/projects/expense-quickadmin/vendor/laravel/framework/src/Illuminate/Routing/Pipeline.php(33): Illuminate\Pipeline\Pipeline->Illuminate\Pipeline\{closure}(Object(Illuminate\Http\Request))
#37 /Users/donatas/projects/expense-quickadmin/vendor/laravel/framework/src/Illuminate/Cookie/Middleware/EncryptCookies.php(59): Illuminate\Routing\Pipeline->Illuminate\Routing\{closure}(Object(Illuminate\Http\Request))
#38 /Users/donatas/projects/expense-quickadmin/vendor/laravel/framework/src/Illuminate/Pipeline/Pipeline.php(137): Illuminate\Cookie\Middleware\EncryptCookies->handle(Object(Illuminate\Http\Request), Object(Closure))
#39 /Users/donatas/projects/expense-quickadmin/vendor/laravel/framework/src/Illuminate/Routing/Pipeline.php(33): Illuminate\Pipeline\Pipeline->Illuminate\Pipeline\{closure}(Object(Illuminate\Http\Request))
#40 /Users/donatas/projects/expense-quickadmin/vendor/laravel/framework/src/Illuminate/Pipeline/Pipeline.php(104): Illuminate\Routing\Pipeline->Illuminate\Routing\{closure}(Object(Illuminate\Http\Request))
#41 /Users/donatas/projects/expense-quickadmin/vendor/laravel/framework/src/Illuminate/Routing/Router.php(644): Illuminate\Pipeline\Pipeline->then(Object(Closure))
#42 /Users/donatas/projects/expense-quickadmin/vendor/laravel/framework/src/Illuminate/Routing/Router.php(618): Illuminate\Routing\Router->runRouteWithinStack(Object(Illuminate\Routing\Route), Object(Illuminate\Http\Request))
#43 /Users/donatas/projects/expense-quickadmin/vendor/laravel/framework/src/Illuminate/Routing/Router.php(596): Illuminate\Routing\Router->dispatchToRoute(Object(Illuminate\Http\Request))
#44 /Users/donatas/projects/expense-quickadmin/vendor/laravel/framework/src/Illuminate/Foundation/Http/Kernel.php(267): Illuminate\Routing\Router->dispatch(Object(Illuminate\Http\Request))
#45 /Users/donatas/projects/expense-quickadmin/vendor/laravel/framework/src/Illuminate/Routing/Pipeline.php(53): Illuminate\Foundation\Http\Kernel->Illuminate\Foundation\Http\{closure}(Object(Illuminate\Http\Request))
#46 /Users/donatas/projects/expense-quickadmin/vendor/laravel/framework/src/Illuminate/Foundation/Http/Middleware/CheckForMaintenanceMode.php(46): Illuminate\Routing\Pipeline->Illuminate\Routing\{closure}(Object(Illuminate\Http\Request))
#47 /Users/donatas/projects/expense-quickadmin/vendor/laravel/framework/src/Illuminate/Pipeline/Pipeline.php(137): Illuminate\Foundation\Http\Middleware\CheckForMaintenanceMode->handle(Object(Illuminate\Http\Request), Object(Closure))
#48 /Users/donatas/projects/expense-quickadmin/vendor/laravel/framework/src/Illuminate/Routing/Pipeline.php(33): Illuminate\Pipeline\Pipeline->Illuminate\Pipeline\{closure}(Object(Illuminate\Http\Request))
#49 /Users/donatas/projects/expense-quickadmin/vendor/laravel/framework/src/Illuminate/Pipeline/Pipeline.php(104): Illuminate\Routing\Pipeline->Illuminate\Routing\{closure}(Object(Illuminate\Http\Request))
#50 /Users/donatas/projects/expense-quickadmin/vendor/laravel/framework/src/Illuminate/Foundation/Http/Kernel.php(149): Illuminate\Pipeline\Pipeline->then(Object(Closure))
#51 /Users/donatas/projects/expense-quickadmin/vendor/laravel/framework/src/Illuminate/Foundation/Http/Kernel.php(116): Illuminate\Foundation\Http\Kernel->sendRequestThroughRouter(Object(Illuminate\Http\Request))
#52 /Users/donatas/projects/expense-quickadmin/public/index.php(53): Illuminate\Foundation\Http\Kernel->handle(Object(Illuminate\Http\Request))
#53 /Users/donatas/.composer/vendor/laravel/valet/server.php(106): require('/Users/donatas/...')
#54 {main}  
[2016-11-17 12:05:27] local.ERROR: ErrorException: file_put_contents(/Users/donatas/projects/expense-quickadmin/storage/framework/sessions/j17EQT4bSjDnCPxDs6nReGyoDN74BrPXVPBS4zKf): failed to open stream: No such file or directory in /Users/donatas/projects/expense-quickadmin/vendor/laravel/framework/src/Illuminate/Filesystem/Filesystem.php:111
Stack trace:
#0 [internal function]: Illuminate\Foundation\Bootstrap\HandleExceptions->handleError(2, 'file_put_conten...', '/Users/donatas/...', 111, Array)
#1 /Users/donatas/projects/expense-quickadmin/vendor/laravel/framework/src/Illuminate/Filesystem/Filesystem.php(111): file_put_contents('/Users/donatas/...', 'a:4:{s:6:"_toke...', 2)
#2 /Users/donatas/projects/expense-quickadmin/vendor/laravel/framework/src/Illuminate/Session/FileSessionHandler.php(83): Illuminate\Filesystem\Filesystem->put('/Users/donatas/...', 'a:4:{s:6:"_toke...', true)
#3 /Users/donatas/projects/expense-quickadmin/vendor/laravel/framework/src/Illuminate/Session/Store.php(262): Illuminate\Session\FileSessionHandler->write('j17EQT4bSjDnCPx...', 'a:4:{s:6:"_toke...')
#4 /Users/donatas/projects/expense-quickadmin/vendor/laravel/framework/src/Illuminate/Session/Middleware/StartSession.php(88): Illuminate\Session\Store->save()
#5 /Users/donatas/projects/expense-quickadmin/vendor/laravel/framework/src/Illuminate/Foundation/Http/Kernel.php(176): Illuminate\Session\Middleware\StartSession->terminate(Object(Illuminate\Http\Request), Object(Illuminate\Http\Response))
#6 /Users/donatas/projects/expense-quickadmin/public/index.php(58): Illuminate\Foundation\Http\Kernel->terminate(Object(Illuminate\Http\Request), Object(Illuminate\Http\Response))
#7 /Users/donatas/.composer/vendor/laravel/valet/server.php(106): require('/Users/donatas/...')
#8 {main}  
